<?xml version="1.0" encoding="UTF-8"?>
<!-- Generated by org.testng.reporters.JUnitXMLReporter -->
<testsuite ignored="2" hostname="Sparky" failures="0" tests="1" name="Default test" time="3.315" errors="0" timestamp="2023-06-16T00:04:49 CDT">
  <testcase classname="test.DashboardTestPage" name="validateMonthDropDown" time="0.455"/>
  <testcase classname="test.DashboardTestPage" name="addCategoryAndValidate" time="0.0">
    <ignored/>
  </testcase> <!-- addCategoryAndValidate -->
  <testcase classname="test.DashboardTestPage" name="userShouldNotBeAbleToAddDuplicateCategory" time="0.0">
    <ignored/>
  </testcase> <!-- userShouldNotBeAbleToAddDuplicateCategory -->
</testsuite> <!-- Default test -->
