<?xml version="1.0" encoding="UTF-8"?>
<testng-results ignored="2" total="3" passed="1" failed="0" skipped="0">
  <reporter-output>
  </reporter-output>
  <suite started-at="2023-06-16T00:04:46 CDT" name="Default suite" finished-at="2023-06-16T00:04:49 CDT" duration-ms="3315">
    <groups>
    </groups>
    <test started-at="2023-06-16T00:04:46 CDT" name="Default test" finished-at="2023-06-16T00:04:49 CDT" duration-ms="3315">
      <class name="test.DashboardTestPage">
        <test-method is-config="true" signature="initalizeBrowser()[pri:0, instance:test.DashboardTestPage@74455848]" started-at="2023-06-16T00:04:46 CDT" name="initalizeBrowser" finished-at="2023-06-16T00:04:49 CDT" duration-ms="2811" status="PASS">
          <reporter-output>
          </reporter-output>
        </test-method> <!-- initalizeBrowser -->
        <test-method signature="validateMonthDropDown()[pri:0, instance:test.DashboardTestPage@74455848]" started-at="2023-06-16T00:04:49 CDT" name="validateMonthDropDown" finished-at="2023-06-16T00:04:49 CDT" duration-ms="455" status="PASS">
          <reporter-output>
          </reporter-output>
        </test-method> <!-- validateMonthDropDown -->
      </class> <!-- test.DashboardTestPage -->
    </test> <!-- Default test -->
  </suite> <!-- Default suite -->
</testng-results>
